<?xml version="1.0" encoding="UTF-8"?>
<!-- Generated by org.testng.reporters.JUnitReportReporter -->
<testsuite skipped="0" hostname="LAPTOP-MU37CDCT" name="SuiteA.TestA2" tests="1" failures="0" timestamp="09 Jul 2021 08:04:31 GMT" time="5.014" errors="0">
  <testcase name="f" time="5.014" classname="SuiteA.TestA2"/>
</testsuite> <!-- SuiteA.TestA2 -->
