<?xml version="1.0" encoding="UTF-8"?>
<!-- Generated by org.testng.reporters.JUnitReportReporter -->
<testsuite skipped="0" hostname="LAPTOP-MU37CDCT" name="Mavendemopackage.MavenDemoProject.RadioButton1" tests="1" failures="0" timestamp="2021-07-09T11:44:49 IST" time="17.200" errors="0">
  <testcase name="f" time="17.200" classname="Mavendemopackage.MavenDemoProject.RadioButton1"/>
  <system-out/>
</testsuite> <!-- Mavendemopackage.MavenDemoProject.RadioButton1 -->
