<?xml version="1.0" encoding="UTF-8"?>
<!-- Generated by org.testng.reporters.JUnitReportReporter -->
<testsuite skipped="0" hostname="LAPTOP-MU37CDCT" name="Mavendemopackage.MavenDemoProject.HardAssertions" tests="1" failures="0" timestamp="11 Jul 2021 03:21:29 GMT" time="12.672" errors="0">
  <testcase name="f" time="12.672" classname="Mavendemopackage.MavenDemoProject.HardAssertions"/>
</testsuite> <!-- Mavendemopackage.MavenDemoProject.HardAssertions -->
