<?xml version="1.0" encoding="UTF-8"?>
<!-- Generated by org.testng.reporters.JUnitReportReporter -->
<testsuite skipped="0" hostname="LAPTOP-MU37CDCT" name="SuiteB.TestB3" tests="1" failures="0" timestamp="2021-07-09T11:18:45 IST" time="5.010" errors="0">
  <testcase name="f" time="5.010" classname="SuiteB.TestB3"/>
  <system-out/>
</testsuite> <!-- SuiteB.TestB3 -->
