<?xml version="1.0" encoding="UTF-8"?>
<!-- Generated by org.testng.reporters.JUnitReportReporter -->
<testsuite skipped="0" hostname="LAPTOP-MU37CDCT" name="Mavendemopackage.MavenDemoProject.CheckBox1" tests="1" failures="0" timestamp="2021-07-09T11:44:49 IST" time="10.582" errors="0">
  <testcase name="f" time="10.582" classname="Mavendemopackage.MavenDemoProject.CheckBox1"/>
  <system-out/>
</testsuite> <!-- Mavendemopackage.MavenDemoProject.CheckBox1 -->
