<?xml version="1.0" encoding="UTF-8"?>
<!-- Generated by org.testng.reporters.JUnitReportReporter -->
<testsuite skipped="0" hostname="LAPTOP-MU37CDCT" name="Mavendemopackage.MavenDemoProject.TNG_001" tests="1" failures="0" timestamp="14 Jul 2021 06:04:13 GMT" time="94.325" errors="0">
  <testcase name="amazon" time="94.325" classname="Mavendemopackage.MavenDemoProject.TNG_001"/>
</testsuite> <!-- Mavendemopackage.MavenDemoProject.TNG_001 -->
