<?xml version="1.0" encoding="UTF-8"?>
<!-- Generated by org.testng.reporters.JUnitReportReporter -->
<testsuite skipped="2" hostname="LAPTOP-MU37CDCT" name="Mavendemopackage.MavenDemoProject.TestDependency" tests="4" failures="0" timestamp="2021-07-09T12:06:50 IST" time="0.009" errors="0">
  <testcase name="orange" time="0.007" classname="Mavendemopackage.MavenDemoProject.TestDependency"/>
  <system-out/>
  <testcase name="white" time="0.001" classname="Mavendemopackage.MavenDemoProject.TestDependency"/>
  <system-out/>
  <testcase name="blue" time="0.001" classname="Mavendemopackage.MavenDemoProject.TestDependency">
    <skipped/>
  </testcase> <!-- blue -->
  <system-out/>
  <testcase name="green" time="0.000" classname="Mavendemopackage.MavenDemoProject.TestDependency">
    <skipped/>
  </testcase> <!-- green -->
  <system-out/>
</testsuite> <!-- Mavendemopackage.MavenDemoProject.TestDependency -->
