<?xml version="1.0" encoding="UTF-8"?>
<!-- Generated by org.testng.reporters.JUnitReportReporter -->
<testsuite skipped="0" hostname="LAPTOP-MU37CDCT" name="SuiteB.TestB2" tests="1" failures="0" timestamp="2021-07-09T11:18:45 IST" time="5.008" errors="0">
  <testcase name="f" time="5.008" classname="SuiteB.TestB2"/>
  <system-out/>
</testsuite> <!-- SuiteB.TestB2 -->
