<?xml version="1.0" encoding="UTF-8"?>
<!-- Generated by org.testng.reporters.JUnitReportReporter -->
<testsuite skipped="0" hostname="LAPTOP-MU37CDCT" name="Mavendemopackage.MavenDemoProject.NewTest" tests="2" failures="0" timestamp="2021-07-08T17:35:01 IST" time="0.032" errors="0">
  <testcase name="test2" time="0.016" classname="Mavendemopackage.MavenDemoProject.NewTest"/>
  <system-out/>
  <testcase name="test1" time="0.016" classname="Mavendemopackage.MavenDemoProject.NewTest"/>
  <system-out/>
</testsuite> <!-- Mavendemopackage.MavenDemoProject.NewTest -->
